#
# There is insufficient memory for the Java Runtime Environment to continue.
# Native memory allocation (malloc) failed to allocate 1048576 bytes. Error detail: AllocateHeap
# Possible reasons:
#   The system is out of physical RAM or swap space
#   This process is running with CompressedOops enabled, and the Java Heap may be blocking the growth of the native heap
# Possible solutions:
#   Reduce memory load on the system
#   Increase physical memory or swap space
#   Check if swap backing store is full
#   Decrease Java heap size (-Xmx/-Xms)
#   Decrease number of Java threads
#   Decrease Java thread stack sizes (-Xss)
#   Set larger code cache with -XX:ReservedCodeCacheSize=
#   JVM is running with Unscaled Compressed Oops mode in which the Java heap is
#     placed in the first 4GB address space. The Java Heap base address is the
#     maximum limit for the native heap growth. Please use -XX:HeapBaseMinAddress
#     to set the Java Heap base and to place the Java Heap above 4GB virtual address.
# This output file may be truncated or incomplete.
#
#  Out of Memory Error (allocation.cpp:44), pid=20344, tid=19236
#
# JRE version: OpenJDK Runtime Environment Temurin-21.0.9+10 (21.0.9+10) (build 21.0.9+10-LTS)
# Java VM: OpenJDK 64-Bit Server VM Temurin-21.0.9+10 (21.0.9+10-LTS, mixed mode, sharing, tiered, compressed oops, compressed class ptrs, parallel gc, windows-amd64)
# No core dump will be written. Minidumps are not enabled by default on client versions of Windows
#

---------------  S U M M A R Y ------------

Command Line: --add-modules=ALL-SYSTEM --add-opens=java.base/java.util=ALL-UNNAMED --add-opens=java.base/java.lang=ALL-UNNAMED --add-opens=java.base/sun.nio.fs=ALL-UNNAMED -Declipse.application=org.eclipse.jdt.ls.core.id1 -Dosgi.bundles.defaultStartLevel=4 -Declipse.product=org.eclipse.jdt.ls.core.product -Djava.import.generatesMetadataFilesAtProjectRoot=false -DDetectVMInstallationsJob.disabled=true -Dfile.encoding=utf8 -XX:+UseParallelGC -XX:GCTimeRatio=4 -XX:AdaptiveSizePolicyWeight=90 -Dsun.zip.disableMemoryMapping=true -Xmx2G -Xms100m -Xlog:disable -javaagent:c:\Users\Mody\.antigravity\extensions\redhat.java-1.51.0-win32-x64\lombok\lombok-1.18.39-4050.jar -XX:+HeapDumpOnOutOfMemoryError -XX:HeapDumpPath=c:\Users\Mody\AppData\Roaming\Antigravity\User\workspaceStorage\8bda53c37905e3ee25f474806bc120bf\redhat.java -Daether.dependencyCollector.impl=bf c:\Users\Mody\.antigravity\extensions\redhat.java-1.51.0-win32-x64\server\plugins\org.eclipse.equinox.launcher_1.7.100.v20251111-0406.jar -configuration c:\Users\Mody\AppData\Roaming\Antigravity\User\globalStorage\redhat.java\1.51.0\config_win -data c:\Users\Mody\AppData\Roaming\Antigravity\User\workspaceStorage\8bda53c37905e3ee25f474806bc120bf\redhat.java\jdt_ws --pipe=\\.\pipe\lsp-8d3d9e3ae16fd133f55ddb8b8a444503-sock

Host: 11th Gen Intel(R) Core(TM) i5-1130G7 @ 1.10GHz, 8 cores, 15G,  Windows 11 , 64 bit Build 26100 (10.0.26100.7309)
Time: Wed Jan 14 14:47:38 2026 Arab Standard Time elapsed time: 1954.045049 seconds (0d 0h 32m 34s)

---------------  T H R E A D  ---------------

Current thread (0x0000022bc4249640):  JavaThread "Attach Listener" daemon [_thread_in_vm, id=19236, stack(0x00000058cd400000,0x00000058cd500000) (1024K)]

Stack: [0x00000058cd400000,0x00000058cd500000]
Native frames: (J=compiled Java code, j=interpreted, Vv=VM code, C=native code)
V  [jvm.dll+0x6d6e29]
V  [jvm.dll+0x8b4b76]
V  [jvm.dll+0x8b712e]
V  [jvm.dll+0x8b7813]
V  [jvm.dll+0x283d86]
V  [jvm.dll+0xc1277]
V  [jvm.dll+0x6d76d9]
V  [jvm.dll+0x133466]
V  [jvm.dll+0x3f7ea6]
V  [jvm.dll+0x85e9ad]
V  [jvm.dll+0x6d565d]
C  [ucrtbase.dll+0x37b0]
C  [KERNEL32.DLL+0x2e8d7]
C  [ntdll.dll+0x8c53c]


---------------  P R O C E S S  ---------------

Threads class SMR info:
_java_thread_list=0x0000022c0bd23b50, length=42, elements={
0x0000022bab8db1d0, 0x0000022bc423b980, 0x0000022bc423ef60, 0x0000022bc4244850,
0x0000022bc4249640, 0x0000022bc424a090, 0x0000022bc424aae0, 0x0000022bc424b910,
0x0000022bc427e7b0, 0x0000022c0b1bd790, 0x0000022c0b3a9f40, 0x0000022c0bb60c60,
0x0000022c0b38fcf0, 0x0000022c0b43acf0, 0x0000022c0b89a850, 0x0000022c0b3e4f70,
0x0000022c0b2c8ad0, 0x0000022c0b81fe00, 0x0000022c0ce686d0, 0x0000022c0c5aed90,
0x0000022c0c5ac630, 0x0000022c0c5ae070, 0x0000022c0c5accc0, 0x0000022c0c5ad350,
0x0000022c0e95b060, 0x0000022c0e95a9d0, 0x0000022c0e958f90, 0x0000022c0e957be0,
0x0000022c0e958270, 0x0000022c0e959620, 0x0000022c0e95b6f0, 0x0000022c0e958900,
0x0000022c0e959cb0, 0x0000022c0e95bd80, 0x0000022c0e95caa0, 0x0000022c0e95a340,
0x0000022c0e95e4e0, 0x0000022c0e95eb70, 0x0000022c0e95f200, 0x0000022c0c5ad9e0,
0x0000022c0c5ae700, 0x0000022c0c5abfa0
}

Java Threads: ( => current thread )
  0x0000022bab8db1d0 JavaThread "main"                              [_thread_blocked, id=9384, stack(0x00000058ccd00000,0x00000058cce00000) (1024K)]
  0x0000022bc423b980 JavaThread "Reference Handler"          daemon [_thread_blocked, id=3980, stack(0x00000058cd100000,0x00000058cd200000) (1024K)]
  0x0000022bc423ef60 JavaThread "Finalizer"                  daemon [_thread_blocked, id=2896, stack(0x00000058cd200000,0x00000058cd300000) (1024K)]
  0x0000022bc4244850 JavaThread "Signal Dispatcher"          daemon [_thread_blocked, id=18160, stack(0x00000058cd300000,0x00000058cd400000) (1024K)]
=>0x0000022bc4249640 JavaThread "Attach Listener"            daemon [_thread_in_vm, id=19236, stack(0x00000058cd400000,0x00000058cd500000) (1024K)]
  0x0000022bc424a090 JavaThread "Service Thread"             daemon [_thread_blocked, id=17100, stack(0x00000058cd500000,0x00000058cd600000) (1024K)]
  0x0000022bc424aae0 JavaThread "Monitor Deflation Thread"   daemon [_thread_blocked, id=19044, stack(0x00000058cd600000,0x00000058cd700000) (1024K)]
  0x0000022bc424b910 JavaThread "C2 CompilerThread0"         daemon [_thread_blocked, id=16084, stack(0x00000058cd700000,0x00000058cd800000) (1024K)]
  0x0000022bc427e7b0 JavaThread "C1 CompilerThread0"         daemon [_thread_blocked, id=9396, stack(0x00000058cd800000,0x00000058cd900000) (1024K)]
  0x0000022c0b1bd790 JavaThread "Common-Cleaner"             daemon [_thread_blocked, id=19468, stack(0x00000058cd900000,0x00000058cda00000) (1024K)]
  0x0000022c0b3a9f40 JavaThread "Notification Thread"        daemon [_thread_blocked, id=21420, stack(0x00000058cda00000,0x00000058cdb00000) (1024K)]
  0x0000022c0bb60c60 JavaThread "Active Thread: Equinox Container: 1224da67-32b4-4007-904a-e8dd2c7c1b02"        [_thread_blocked, id=13576, stack(0x00000058cdb00000,0x00000058cdc00000) (1024K)]
  0x0000022c0b38fcf0 JavaThread "Refresh Thread: Equinox Container: 1224da67-32b4-4007-904a-e8dd2c7c1b02" daemon [_thread_blocked, id=8508, stack(0x00000058ce400000,0x00000058ce500000) (1024K)]
  0x0000022c0b43acf0 JavaThread "Framework Event Dispatcher: Equinox Container: 1224da67-32b4-4007-904a-e8dd2c7c1b02" daemon [_thread_blocked, id=10424, stack(0x00000058ce500000,0x00000058ce600000) (1024K)]
  0x0000022c0b89a850 JavaThread "Start Level: Equinox Container: 1224da67-32b4-4007-904a-e8dd2c7c1b02" daemon [_thread_blocked, id=6604, stack(0x00000058ce600000,0x00000058ce700000) (1024K)]
  0x0000022c0b3e4f70 JavaThread "Bundle File Closer"         daemon [_thread_blocked, id=21312, stack(0x00000058ce700000,0x00000058ce800000) (1024K)]
  0x0000022c0b2c8ad0 JavaThread "SCR Component Actor"        daemon [_thread_blocked, id=8576, stack(0x00000058ce200000,0x00000058ce300000) (1024K)]
  0x0000022c0b81fe00 JavaThread "Worker-JM"                         [_thread_blocked, id=12200, stack(0x00000058ce800000,0x00000058ce900000) (1024K)]
  0x0000022c0ce686d0 JavaThread "JNA Cleaner"                daemon [_thread_blocked, id=16400, stack(0x00000058ce900000,0x00000058cea00000) (1024K)]
  0x0000022c0c5aed90 JavaThread "Worker-1"                          [_thread_blocked, id=14412, stack(0x00000058ceb00000,0x00000058cec00000) (1024K)]
  0x0000022c0c5ac630 JavaThread "Worker-3"                          [_thread_blocked, id=21348, stack(0x00000058cee00000,0x00000058cef00000) (1024K)]
  0x0000022c0c5ae070 JavaThread "Java indexing"              daemon [_thread_blocked, id=19632, stack(0x00000058cef00000,0x00000058cf000000) (1024K)]
  0x0000022c0c5accc0 JavaThread "Thread-1"                   daemon [_thread_in_native, id=10672, stack(0x00000058cf500000,0x00000058cf600000) (1024K)]
  0x0000022c0c5ad350 JavaThread "Thread-2"                   daemon [_thread_in_native, id=17380, stack(0x00000058cf600000,0x00000058cf700000) (1024K)]
  0x0000022c0e95b060 JavaThread "Thread-3"                   daemon [_thread_in_native, id=19736, stack(0x00000058cf700000,0x00000058cf800000) (1024K)]
  0x0000022c0e95a9d0 JavaThread "Thread-4"                   daemon [_thread_in_native, id=21200, stack(0x00000058cf800000,0x00000058cf900000) (1024K)]
  0x0000022c0e958f90 JavaThread "Thread-5"                   daemon [_thread_in_native, id=17456, stack(0x00000058cf900000,0x00000058cfa00000) (1024K)]
  0x0000022c0e957be0 JavaThread "Thread-6"                   daemon [_thread_in_native, id=14672, stack(0x00000058cfa00000,0x00000058cfb00000) (1024K)]
  0x0000022c0e958270 JavaThread "Thread-7"                   daemon [_thread_in_native, id=16544, stack(0x00000058cfb00000,0x00000058cfc00000) (1024K)]
  0x0000022c0e959620 JavaThread "Thread-8"                   daemon [_thread_in_native, id=5164, stack(0x00000058cfc00000,0x00000058cfd00000) (1024K)]
  0x0000022c0e95b6f0 JavaThread "Thread-9"                   daemon [_thread_in_native, id=10020, stack(0x00000058cfd00000,0x00000058cfe00000) (1024K)]
  0x0000022c0e958900 JavaThread "pool-2-thread-1"                   [_thread_blocked, id=21488, stack(0x00000058cfe00000,0x00000058cff00000) (1024K)]
  0x0000022c0e959cb0 JavaThread "WorkspaceEventsHandler"            [_thread_blocked, id=18120, stack(0x00000058cff00000,0x00000058d0000000) (1024K)]
  0x0000022c0e95bd80 JavaThread "pool-1-thread-1"                   [_thread_blocked, id=21192, stack(0x00000058d0000000,0x00000058d0100000) (1024K)]
  0x0000022c0e95caa0 JavaThread "Timer-0"                           [_thread_blocked, id=9120, stack(0x00000058d0200000,0x00000058d0300000) (1024K)]
  0x0000022c0e95a340 JavaThread "Timer-1"                           [_thread_blocked, id=18284, stack(0x00000058ccb00000,0x00000058ccc00000) (1024K)]
  0x0000022c0e95e4e0 JavaThread "Timer-2"                           [_thread_blocked, id=5996, stack(0x00000058d0300000,0x00000058d0400000) (1024K)]
  0x0000022c0e95eb70 JavaThread "Timer-3"                           [_thread_blocked, id=11108, stack(0x00000058d0400000,0x00000058d0500000) (1024K)]
  0x0000022c0e95f200 JavaThread "Timer-4"                           [_thread_blocked, id=16448, stack(0x00000058d0500000,0x00000058d0600000) (1024K)]
  0x0000022c0c5ad9e0 JavaThread "Timer-5"                           [_thread_blocked, id=20648, stack(0x00000058cca00000,0x00000058ccb00000) (1024K)]
  0x0000022c0c5ae700 JavaThread "Timer-6"                           [_thread_blocked, id=16316, stack(0x00000058cea00000,0x00000058ceb00000) (1024K)]
  0x0000022c0c5abfa0 JavaThread "Timer-7"                           [_thread_blocked, id=18996, stack(0x00000058cf000000,0x00000058cf100000) (1024K)]
Total: 42

Other Threads:
  0x0000022bc42228c0 VMThread "VM Thread"                           [id=17960, stack(0x00000058cd000000,0x00000058cd100000) (1024K)]
  0x0000022bab947e30 WatcherThread "VM Periodic Task Thread"        [id=18860, stack(0x00000058ccf00000,0x00000058cd000000) (1024K)]
  0x0000022bab8f94e0 WorkerThread "GC Thread#0"                     [id=2760, stack(0x00000058cce00000,0x00000058ccf00000) (1024K)]
  0x0000022c0bbc0310 WorkerThread "GC Thread#1"                     [id=17908, stack(0x00000058cdc00000,0x00000058cdd00000) (1024K)]
  0x0000022c0b408480 WorkerThread "GC Thread#2"                     [id=19416, stack(0x00000058cdd00000,0x00000058cde00000) (1024K)]
  0x0000022c0b408820 WorkerThread "GC Thread#3"                     [id=20724, stack(0x00000058cde00000,0x00000058cdf00000) (1024K)]
  0x0000022c0b408bc0 WorkerThread "GC Thread#4"                     [id=1664, stack(0x00000058cdf00000,0x00000058ce000000) (1024K)]
  0x0000022c0bac96c0 WorkerThread "GC Thread#5"                     [id=4516, stack(0x00000058ce000000,0x00000058ce100000) (1024K)]
  0x0000022c0bac9a60 WorkerThread "GC Thread#6"                     [id=10712, stack(0x00000058ce100000,0x00000058ce200000) (1024K)]
  0x0000022c0b9d2bd0 WorkerThread "GC Thread#7"                     [id=13748, stack(0x00000058ce300000,0x00000058ce400000) (1024K)]
Total: 10

Threads with active compile tasks:
Total: 0

VM state: not at safepoint (normal execution)

VM Mutex/Monitor currently owned by a thread: None

Heap address: 0x0000000080000000, size: 2048 MB, Compressed Oops mode: 32-bit

CDS archive(s) mapped at: [0x0000022bc5000000-0x0000022bc5ba0000-0x0000022bc5ba0000), size 12189696, SharedBaseAddress: 0x0000022bc5000000, ArchiveRelocationMode: 1.
Compressed class space mapped at: 0x0000022bc6000000-0x0000022c06000000, reserved size: 1073741824
Narrow klass base: 0x0000022bc5000000, Narrow klass shift: 0, Narrow klass range: 0x100000000

GC Precious Log:
 CardTable entry size: 512
 CPUs: 8 total, 8 available
 Memory: 16167M
 Large Page Support: Disabled
 NUMA Support: Disabled
 Compressed Oops: Enabled (32-bit)
 Alignments: Space 512K, Generation 512K, Heap 2M
 Heap Min Capacity: 100M
 Heap Initial Capacity: 100M
 Heap Max Capacity: 2G
 Pre-touch: Disabled
 Parallel Workers: 8

Heap:
 PSYoungGen      total 22528K, used 10756K [0x00000000d5580000, 0x00000000d6e80000, 0x0000000100000000)
  eden space 21504K, 45% used [0x00000000d5580000,0x00000000d5f02f48,0x00000000d6a80000)
  from space 1024K, 99% used [0x00000000d6c80000,0x00000000d6d7e490,0x00000000d6d80000)
  to   space 2048K, 0% used [0x00000000d6a80000,0x00000000d6a80000,0x00000000d6c80000)
 ParOldGen       total 68608K, used 60063K [0x0000000080000000, 0x0000000084300000, 0x00000000d5580000)
  object space 68608K, 87% used [0x0000000080000000,0x0000000083aa7e20,0x0000000084300000)
 Metaspace       used 69634K, committed 71168K, reserved 1114112K
  class space    used 8706K, committed 9408K, reserved 1048576K

Card table byte_map: [0x0000022bbf590000,0x0000022bbf9a0000] _byte_map_base: 0x0000022bbf190000

Marking Bits: (ParMarkBitMap*) 0x00007ff933e82460
 Begin Bits: [0x0000022bbfc50000, 0x0000022bc1c50000)
 End Bits:   [0x0000022bc1c50000, 0x0000022bc3c50000)

Polling page: 0x0000022bab870000

Metaspace:

Usage:
  Non-class:     59.50 MB used.
      Class:      8.50 MB used.
       Both:     68.00 MB used.

Virtual space:
  Non-class space:       64.00 MB reserved,      60.31 MB ( 94%) committed,  1 nodes.
      Class space:        1.00 GB reserved,       9.19 MB ( <1%) committed,  1 nodes.
             Both:        1.06 GB reserved,      69.50 MB (  6%) committed. 

Chunk freelists:
   Non-Class:  3.39 MB
       Class:  6.80 MB
        Both:  10.18 MB

MaxMetaspaceSize: unlimited
CompressedClassSpaceSize: 1.00 GB
Initial GC threshold: 21.00 MB
Current GC threshold: 97.31 MB
CDS: on
 - commit_granule_bytes: 65536.
 - commit_granule_words: 8192.
 - virtual_space_node_default_size: 8388608.
 - enlarge_chunks_in_place: 1.
 - use_allocation_guard: 0.


Internal statistics:

num_allocs_failed_limit: 11.
num_arena_births: 1388.
num_arena_deaths: 14.
num_vsnodes_births: 2.
num_vsnodes_deaths: 0.
num_space_committed: 1112.
num_space_uncommitted: 0.
num_chunks_returned_to_freelist: 25.
num_chunks_taken_from_freelist: 4595.
num_chunk_merges: 17.
num_chunk_splits: 2877.
num_chunks_enlarged: 1684.
num_inconsistent_stats: 0.

CodeHeap 'non-profiled nmethods': size=120000Kb used=8556Kb max_used=8556Kb free=111443Kb
 bounds [0x0000022bb7e70000, 0x0000022bb86d0000, 0x0000022bbf3a0000]
CodeHeap 'profiled nmethods': size=120000Kb used=18229Kb max_used=18229Kb free=101770Kb
 bounds [0x0000022bb03a0000, 0x0000022bb1570000, 0x0000022bb78d0000]
CodeHeap 'non-nmethods': size=5760Kb used=1417Kb max_used=1487Kb free=4342Kb
 bounds [0x0000022bb78d0000, 0x0000022bb7b40000, 0x0000022bb7e70000]
CodeCache: size=245760Kb, used=28202Kb, max_used=28272Kb, free=217555Kb
 total_blobs=9722, nmethods=9006, adapters=622, full_count=0
Compilation: enabled, stopped_count=0, restarted_count=0

Compilation events (20 events):
Event: 474.158 Thread 0x0000022bc424b910 9759       4       org.eclipse.buildship.core.internal.util.progress.RateLimitingProgressMonitor$1::run (55 bytes)
Event: 474.160 Thread 0x0000022bc424b910 nmethod 9759 0x0000022bb86c9f10 code [0x0000022bb86ca0e0, 0x0000022bb86ca300]
Event: 573.789 Thread 0x0000022bc427e7b0 9760       3       java.lang.Module::getClassLoader (20 bytes)
Event: 573.790 Thread 0x0000022bc427e7b0 nmethod 9760 0x0000022bb156a190 code [0x0000022bb156a340, 0x0000022bb156a538]
Event: 740.845 Thread 0x0000022bc427e7b0 9761       3       java.util.concurrent.atomic.AtomicLong::weakCompareAndSetVolatile (13 bytes)
Event: 740.846 Thread 0x0000022bc427e7b0 nmethod 9761 0x0000022bb156a610 code [0x0000022bb156a7c0, 0x0000022bb156a920]
Event: 740.846 Thread 0x0000022bc427e7b0 9762       3       java.util.concurrent.atomic.AtomicLong::updateAndGet (59 bytes)
Event: 740.848 Thread 0x0000022bc427e7b0 nmethod 9762 0x0000022bb156aa10 code [0x0000022bb156ac00, 0x0000022bb156b108]
Event: 1065.824 Thread 0x0000022bc427e7b0 9764       3       java.util.concurrent.ScheduledThreadPoolExecutor::triggerTime (22 bytes)
Event: 1065.826 Thread 0x0000022bc427e7b0 nmethod 9764 0x0000022bb156b390 code [0x0000022bb156b540, 0x0000022bb156b720]
Event: 1095.848 Thread 0x0000022bc424b910 9765       4       java.util.concurrent.ScheduledThreadPoolExecutor::canRunInCurrentRunState (61 bytes)
Event: 1095.856 Thread 0x0000022bc424b910 nmethod 9765 0x0000022bb86ca910 code [0x0000022bb86caaa0, 0x0000022bb86cab68]
Event: 1219.942 Thread 0x0000022bc427e7b0 9766       3       org.eclipse.core.runtime.jobs.Job::getRule (5 bytes)
Event: 1219.943 Thread 0x0000022bc427e7b0 nmethod 9766 0x0000022bb156b810 code [0x0000022bb156b9a0, 0x0000022bb156bac0]
Event: 1316.074 Thread 0x0000022bc427e7b0 9767       1       org.eclipse.jdt.ls.core.internal.LanguageServerApplication::getParentProcessId (5 bytes)
Event: 1316.077 Thread 0x0000022bc427e7b0 nmethod 9767 0x0000022bb86cac90 code [0x0000022bb86cae20, 0x0000022bb86caee8]
Event: 1714.044 Thread 0x0000022bc427e7b0 9769   !   3       java.util.logging.LogManager::ensureLogManagerInitialized (144 bytes)
Event: 1714.087 Thread 0x0000022bc427e7b0 nmethod 9769 0x0000022bb156bb90 code [0x0000022bb156bea0, 0x0000022bb156cfc0]
Event: 1714.088 Thread 0x0000022bc427e7b0 9768       1       com.sun.jna.internal.Cleaner::access$100 (5 bytes)
Event: 1714.096 Thread 0x0000022bc427e7b0 nmethod 9768 0x0000022bb86caf90 code [0x0000022bb86cb120, 0x0000022bb86cb1d0]

GC Heap History (20 events):
Event: 256.693 GC heap before
{Heap before GC invocations=58 (full 3):
 PSYoungGen      total 24064K, used 23650K [0x00000000d5580000, 0x00000000d7000000, 0x0000000100000000)
  eden space 21504K, 100% used [0x00000000d5580000,0x00000000d6a80000,0x00000000d6a80000)
  from space 2560K, 83% used [0x00000000d6d80000,0x00000000d6f98810,0x00000000d7000000)
  to   space 2560K, 0% used [0x00000000d6b00000,0x00000000d6b00000,0x00000000d6d80000)
 ParOldGen       total 68608K, used 47178K [0x0000000080000000, 0x0000000084300000, 0x00000000d5580000)
  object space 68608K, 68% used [0x0000000080000000,0x0000000082e12a10,0x0000000084300000)
 Metaspace       used 66561K, committed 68032K, reserved 1114112K
  class space    used 8372K, committed 9024K, reserved 1048576K
}
Event: 256.704 GC heap after
{Heap after GC invocations=58 (full 3):
 PSYoungGen      total 24064K, used 2272K [0x00000000d5580000, 0x00000000d6f80000, 0x0000000100000000)
  eden space 21504K, 0% used [0x00000000d5580000,0x00000000d5580000,0x00000000d6a80000)
  from space 2560K, 88% used [0x00000000d6b00000,0x00000000d6d38010,0x00000000d6d80000)
  to   space 2048K, 0% used [0x00000000d6d80000,0x00000000d6d80000,0x00000000d6f80000)
 ParOldGen       total 68608K, used 49224K [0x0000000080000000, 0x0000000084300000, 0x00000000d5580000)
  object space 68608K, 71% used [0x0000000080000000,0x0000000083012348,0x0000000084300000)
 Metaspace       used 66561K, committed 68032K, reserved 1114112K
  class space    used 8372K, committed 9024K, reserved 1048576K
}
Event: 257.269 GC heap before
{Heap before GC invocations=59 (full 3):
 PSYoungGen      total 24064K, used 23776K [0x00000000d5580000, 0x00000000d6f80000, 0x0000000100000000)
  eden space 21504K, 100% used [0x00000000d5580000,0x00000000d6a80000,0x00000000d6a80000)
  from space 2560K, 88% used [0x00000000d6b00000,0x00000000d6d38010,0x00000000d6d80000)
  to   space 2048K, 0% used [0x00000000d6d80000,0x00000000d6d80000,0x00000000d6f80000)
 ParOldGen       total 68608K, used 49224K [0x0000000080000000, 0x0000000084300000, 0x00000000d5580000)
  object space 68608K, 71% used [0x0000000080000000,0x0000000083012348,0x0000000084300000)
 Metaspace       used 66577K, committed 68032K, reserved 1114112K
  class space    used 8372K, committed 9024K, reserved 1048576K
}
Event: 257.278 GC heap after
{Heap after GC invocations=59 (full 3):
 PSYoungGen      total 23552K, used 1956K [0x00000000d5580000, 0x00000000d6f80000, 0x0000000100000000)
  eden space 21504K, 0% used [0x00000000d5580000,0x00000000d5580000,0x00000000d6a80000)
  from space 2048K, 95% used [0x00000000d6d80000,0x00000000d6f69000,0x00000000d6f80000)
  to   space 2560K, 0% used [0x00000000d6a80000,0x00000000d6a80000,0x00000000d6d00000)
 ParOldGen       total 68608K, used 51367K [0x0000000080000000, 0x0000000084300000, 0x00000000d5580000)
  object space 68608K, 74% used [0x0000000080000000,0x0000000083229d08,0x0000000084300000)
 Metaspace       used 66577K, committed 68032K, reserved 1114112K
  class space    used 8372K, committed 9024K, reserved 1048576K
}
Event: 257.817 GC heap before
{Heap before GC invocations=60 (full 3):
 PSYoungGen      total 23552K, used 23460K [0x00000000d5580000, 0x00000000d6f80000, 0x0000000100000000)
  eden space 21504K, 100% used [0x00000000d5580000,0x00000000d6a80000,0x00000000d6a80000)
  from space 2048K, 95% used [0x00000000d6d80000,0x00000000d6f69000,0x00000000d6f80000)
  to   space 2560K, 0% used [0x00000000d6a80000,0x00000000d6a80000,0x00000000d6d00000)
 ParOldGen       total 68608K, used 51367K [0x0000000080000000, 0x0000000084300000, 0x00000000d5580000)
  object space 68608K, 74% used [0x0000000080000000,0x0000000083229d08,0x0000000084300000)
 Metaspace       used 66585K, committed 68096K, reserved 1114112K
  class space    used 8373K, committed 9088K, reserved 1048576K
}
Event: 257.824 GC heap after
{Heap after GC invocations=60 (full 3):
 PSYoungGen      total 24064K, used 2144K [0x00000000d5580000, 0x00000000d6f80000, 0x0000000100000000)
  eden space 21504K, 0% used [0x00000000d5580000,0x00000000d5580000,0x00000000d6a80000)
  from space 2560K, 83% used [0x00000000d6a80000,0x00000000d6c98010,0x00000000d6d00000)
  to   space 2560K, 0% used [0x00000000d6d00000,0x00000000d6d00000,0x00000000d6f80000)
 ParOldGen       total 68608K, used 53260K [0x0000000080000000, 0x0000000084300000, 0x00000000d5580000)
  object space 68608K, 77% used [0x0000000080000000,0x0000000083403330,0x0000000084300000)
 Metaspace       used 66585K, committed 68096K, reserved 1114112K
  class space    used 8373K, committed 9088K, reserved 1048576K
}
Event: 258.097 GC heap before
{Heap before GC invocations=61 (full 3):
 PSYoungGen      total 24064K, used 23648K [0x00000000d5580000, 0x00000000d6f80000, 0x0000000100000000)
  eden space 21504K, 100% used [0x00000000d5580000,0x00000000d6a80000,0x00000000d6a80000)
  from space 2560K, 83% used [0x00000000d6a80000,0x00000000d6c98010,0x00000000d6d00000)
  to   space 2560K, 0% used [0x00000000d6d00000,0x00000000d6d00000,0x00000000d6f80000)
 ParOldGen       total 68608K, used 53260K [0x0000000080000000, 0x0000000084300000, 0x00000000d5580000)
  object space 68608K, 77% used [0x0000000080000000,0x0000000083403330,0x0000000084300000)
 Metaspace       used 66635K, committed 68160K, reserved 1114112K
  class space    used 8375K, committed 9088K, reserved 1048576K
}
Event: 258.104 GC heap after
{Heap after GC invocations=61 (full 3):
 PSYoungGen      total 23552K, used 1856K [0x00000000d5580000, 0x00000000d6f00000, 0x0000000100000000)
  eden space 21504K, 0% used [0x00000000d5580000,0x00000000d5580000,0x00000000d6a80000)
  from space 2048K, 90% used [0x00000000d6d00000,0x00000000d6ed0000,0x00000000d6f00000)
  to   space 2048K, 0% used [0x00000000d6b00000,0x00000000d6b00000,0x00000000d6d00000)
 ParOldGen       total 68608K, used 55316K [0x0000000080000000, 0x0000000084300000, 0x00000000d5580000)
  object space 68608K, 80% used [0x0000000080000000,0x0000000083605340,0x0000000084300000)
 Metaspace       used 66635K, committed 68160K, reserved 1114112K
  class space    used 8375K, committed 9088K, reserved 1048576K
}
Event: 259.521 GC heap before
{Heap before GC invocations=62 (full 3):
 PSYoungGen      total 23552K, used 23360K [0x00000000d5580000, 0x00000000d6f00000, 0x0000000100000000)
  eden space 21504K, 100% used [0x00000000d5580000,0x00000000d6a80000,0x00000000d6a80000)
  from space 2048K, 90% used [0x00000000d6d00000,0x00000000d6ed0000,0x00000000d6f00000)
  to   space 2048K, 0% used [0x00000000d6b00000,0x00000000d6b00000,0x00000000d6d00000)
 ParOldGen       total 68608K, used 55316K [0x0000000080000000, 0x0000000084300000, 0x00000000d5580000)
  object space 68608K, 80% used [0x0000000080000000,0x0000000083605340,0x0000000084300000)
 Metaspace       used 66897K, committed 68352K, reserved 1114112K
  class space    used 8400K, committed 9088K, reserved 1048576K
}
Event: 259.528 GC heap after
{Heap after GC invocations=62 (full 3):
 PSYoungGen      total 23040K, used 1312K [0x00000000d5580000, 0x00000000d6d80000, 0x0000000100000000)
  eden space 21504K, 0% used [0x00000000d5580000,0x00000000d5580000,0x00000000d6a80000)
  from space 1536K, 85% used [0x00000000d6b00000,0x00000000d6c48000,0x00000000d6c80000)
  to   space 1024K, 0% used [0x00000000d6c80000,0x00000000d6c80000,0x00000000d6d80000)
 ParOldGen       total 68608K, used 57093K [0x0000000080000000, 0x0000000084300000, 0x00000000d5580000)
  object space 68608K, 83% used [0x0000000080000000,0x00000000837c1540,0x0000000084300000)
 Metaspace       used 66897K, committed 68352K, reserved 1114112K
  class space    used 8400K, committed 9088K, reserved 1048576K
}
Event: 262.865 GC heap before
{Heap before GC invocations=63 (full 3):
 PSYoungGen      total 23040K, used 22816K [0x00000000d5580000, 0x00000000d6d80000, 0x0000000100000000)
  eden space 21504K, 100% used [0x00000000d5580000,0x00000000d6a80000,0x00000000d6a80000)
  from space 1536K, 85% used [0x00000000d6b00000,0x00000000d6c48000,0x00000000d6c80000)
  to   space 1024K, 0% used [0x00000000d6c80000,0x00000000d6c80000,0x00000000d6d80000)
 ParOldGen       total 68608K, used 57093K [0x0000000080000000, 0x0000000084300000, 0x00000000d5580000)
  object space 68608K, 83% used [0x0000000080000000,0x00000000837c1540,0x0000000084300000)
 Metaspace       used 67193K, committed 68608K, reserved 1114112K
  class space    used 8432K, committed 9088K, reserved 1048576K
}
Event: 262.871 GC heap after
{Heap after GC invocations=63 (full 3):
 PSYoungGen      total 22016K, used 384K [0x00000000d5580000, 0x00000000d6d00000, 0x0000000100000000)
  eden space 21504K, 0% used [0x00000000d5580000,0x00000000d5580000,0x00000000d6a80000)
  from space 512K, 75% used [0x00000000d6c80000,0x00000000d6ce0000,0x00000000d6d00000)
  to   space 1024K, 0% used [0x00000000d6b00000,0x00000000d6b00000,0x00000000d6c00000)
 ParOldGen       total 68608K, used 58253K [0x0000000080000000, 0x0000000084300000, 0x00000000d5580000)
  object space 68608K, 84% used [0x0000000080000000,0x00000000838e3540,0x0000000084300000)
 Metaspace       used 67193K, committed 68608K, reserved 1114112K
  class space    used 8432K, committed 9088K, reserved 1048576K
}
Event: 263.709 GC heap before
{Heap before GC invocations=64 (full 3):
 PSYoungGen      total 22016K, used 21888K [0x00000000d5580000, 0x00000000d6d00000, 0x0000000100000000)
  eden space 21504K, 100% used [0x00000000d5580000,0x00000000d6a80000,0x00000000d6a80000)
  from space 512K, 75% used [0x00000000d6c80000,0x00000000d6ce0000,0x00000000d6d00000)
  to   space 1024K, 0% used [0x00000000d6b00000,0x00000000d6b00000,0x00000000d6c00000)
 ParOldGen       total 68608K, used 58253K [0x0000000080000000, 0x0000000084300000, 0x00000000d5580000)
  object space 68608K, 84% used [0x0000000080000000,0x00000000838e3540,0x0000000084300000)
 Metaspace       used 67193K, committed 68608K, reserved 1114112K
  class space    used 8432K, committed 9088K, reserved 1048576K
}
Event: 263.710 GC heap after
{Heap after GC invocations=64 (full 3):
 PSYoungGen      total 22528K, used 128K [0x00000000d5580000, 0x00000000d6d00000, 0x0000000100000000)
  eden space 21504K, 0% used [0x00000000d5580000,0x00000000d5580000,0x00000000d6a80000)
  from space 1024K, 12% used [0x00000000d6b00000,0x00000000d6b20000,0x00000000d6c00000)
  to   space 512K, 0% used [0x00000000d6c80000,0x00000000d6c80000,0x00000000d6d00000)
 ParOldGen       total 68608K, used 58533K [0x0000000080000000, 0x0000000084300000, 0x00000000d5580000)
  object space 68608K, 85% used [0x0000000080000000,0x0000000083929560,0x0000000084300000)
 Metaspace       used 67193K, committed 68608K, reserved 1114112K
  class space    used 8432K, committed 9088K, reserved 1048576K
}
Event: 265.612 GC heap before
{Heap before GC invocations=65 (full 3):
 PSYoungGen      total 22528K, used 21632K [0x00000000d5580000, 0x00000000d6d00000, 0x0000000100000000)
  eden space 21504K, 100% used [0x00000000d5580000,0x00000000d6a80000,0x00000000d6a80000)
  from space 1024K, 12% used [0x00000000d6b00000,0x00000000d6b20000,0x00000000d6c00000)
  to   space 512K, 0% used [0x00000000d6c80000,0x00000000d6c80000,0x00000000d6d00000)
 ParOldGen       total 68608K, used 58533K [0x0000000080000000, 0x0000000084300000, 0x00000000d5580000)
  object space 68608K, 85% used [0x0000000080000000,0x0000000083929560,0x0000000084300000)
 Metaspace       used 67193K, committed 68608K, reserved 1114112K
  class space    used 8432K, committed 9088K, reserved 1048576K
}
Event: 265.613 GC heap after
{Heap after GC invocations=65 (full 3):
 PSYoungGen      total 22016K, used 128K [0x00000000d5580000, 0x00000000d6d00000, 0x0000000100000000)
  eden space 21504K, 0% used [0x00000000d5580000,0x00000000d5580000,0x00000000d6a80000)
  from space 512K, 25% used [0x00000000d6c80000,0x00000000d6ca0000,0x00000000d6d00000)
  to   space 512K, 0% used [0x00000000d6c00000,0x00000000d6c00000,0x00000000d6c80000)
 ParOldGen       total 68608K, used 58557K [0x0000000080000000, 0x0000000084300000, 0x00000000d5580000)
  object space 68608K, 85% used [0x0000000080000000,0x000000008392f560,0x0000000084300000)
 Metaspace       used 67193K, committed 68608K, reserved 1114112K
  class space    used 8432K, committed 9088K, reserved 1048576K
}
Event: 266.449 GC heap before
{Heap before GC invocations=66 (full 3):
 PSYoungGen      total 22016K, used 21631K [0x00000000d5580000, 0x00000000d6d00000, 0x0000000100000000)
  eden space 21504K, 99% used [0x00000000d5580000,0x00000000d6a7ffe0,0x00000000d6a80000)
  from space 512K, 25% used [0x00000000d6c80000,0x00000000d6ca0000,0x00000000d6d00000)
  to   space 512K, 0% used [0x00000000d6c00000,0x00000000d6c00000,0x00000000d6c80000)
 ParOldGen       total 68608K, used 58557K [0x0000000080000000, 0x0000000084300000, 0x00000000d5580000)
  object space 68608K, 85% used [0x0000000080000000,0x000000008392f560,0x0000000084300000)
 Metaspace       used 67458K, committed 68864K, reserved 1114112K
  class space    used 8459K, committed 9152K, reserved 1048576K
}
Event: 266.452 GC heap after
{Heap after GC invocations=66 (full 3):
 PSYoungGen      total 22016K, used 512K [0x00000000d5580000, 0x00000000d6d80000, 0x0000000100000000)
  eden space 21504K, 0% used [0x00000000d5580000,0x00000000d5580000,0x00000000d6a80000)
  from space 512K, 100% used [0x00000000d6c00000,0x00000000d6c80000,0x00000000d6c80000)
  to   space 1024K, 0% used [0x00000000d6c80000,0x00000000d6c80000,0x00000000d6d80000)
 ParOldGen       total 68608K, used 59277K [0x0000000080000000, 0x0000000084300000, 0x00000000d5580000)
  object space 68608K, 86% used [0x0000000080000000,0x00000000839e3560,0x0000000084300000)
 Metaspace       used 67458K, committed 68864K, reserved 1114112K
  class space    used 8459K, committed 9152K, reserved 1048576K
}
Event: 268.364 GC heap before
{Heap before GC invocations=67 (full 3):
 PSYoungGen      total 22016K, used 22016K [0x00000000d5580000, 0x00000000d6d80000, 0x0000000100000000)
  eden space 21504K, 100% used [0x00000000d5580000,0x00000000d6a80000,0x00000000d6a80000)
  from space 512K, 100% used [0x00000000d6c00000,0x00000000d6c80000,0x00000000d6c80000)
  to   space 1024K, 0% used [0x00000000d6c80000,0x00000000d6c80000,0x00000000d6d80000)
 ParOldGen       total 68608K, used 59277K [0x0000000080000000, 0x0000000084300000, 0x00000000d5580000)
  object space 68608K, 86% used [0x0000000080000000,0x00000000839e3560,0x0000000084300000)
 Metaspace       used 68646K, committed 70208K, reserved 1114112K
  class space    used 8573K, committed 9280K, reserved 1048576K
}
Event: 268.368 GC heap after
{Heap after GC invocations=67 (full 3):
 PSYoungGen      total 22528K, used 1017K [0x00000000d5580000, 0x00000000d6e80000, 0x0000000100000000)
  eden space 21504K, 0% used [0x00000000d5580000,0x00000000d5580000,0x00000000d6a80000)
  from space 1024K, 99% used [0x00000000d6c80000,0x00000000d6d7e490,0x00000000d6d80000)
  to   space 2048K, 0% used [0x00000000d6a80000,0x00000000d6a80000,0x00000000d6c80000)
 ParOldGen       total 68608K, used 60063K [0x0000000080000000, 0x0000000084300000, 0x00000000d5580000)
  object space 68608K, 87% used [0x0000000080000000,0x0000000083aa7e20,0x0000000084300000)
 Metaspace       used 68646K, committed 70208K, reserved 1114112K
  class space    used 8573K, committed 9280K, reserved 1048576K
}

Dll operation events (15 events):
Event: 0.047 Loaded shared library c:\Users\Mody\.antigravity\extensions\redhat.java-1.51.0-win32-x64\jre\21.0.9-win32-x86_64\bin\java.dll
Event: 0.607 Loaded shared library c:\Users\Mody\.antigravity\extensions\redhat.java-1.51.0-win32-x64\jre\21.0.9-win32-x86_64\bin\zip.dll
Event: 0.758 Loaded shared library C:\Users\Mody\.antigravity\extensions\redhat.java-1.51.0-win32-x64\jre\21.0.9-win32-x86_64\bin\instrument.dll
Event: 0.788 Loaded shared library C:\Users\Mody\.antigravity\extensions\redhat.java-1.51.0-win32-x64\jre\21.0.9-win32-x86_64\bin\net.dll
Event: 0.797 Loaded shared library C:\Users\Mody\.antigravity\extensions\redhat.java-1.51.0-win32-x64\jre\21.0.9-win32-x86_64\bin\nio.dll
Event: 0.825 Loaded shared library C:\Users\Mody\.antigravity\extensions\redhat.java-1.51.0-win32-x64\jre\21.0.9-win32-x86_64\bin\zip.dll
Event: 1.191 Loaded shared library C:\Users\Mody\.antigravity\extensions\redhat.java-1.51.0-win32-x64\jre\21.0.9-win32-x86_64\bin\jimage.dll
Event: 1.981 Loaded shared library c:\Users\Mody\.antigravity\extensions\redhat.java-1.51.0-win32-x64\jre\21.0.9-win32-x86_64\bin\verify.dll
Event: 8.591 Loaded shared library C:\Users\Mody\AppData\Roaming\Antigravity\User\globalStorage\redhat.java\1.51.0\config_win\org.eclipse.equinox.launcher\org.eclipse.equinox.launcher.win32.win32.x86_64_1.2.1400.v20250801-0854\eclipse_11916.dll
Event: 18.925 Loaded shared library C:\Users\Mody\AppData\Local\Temp\jna-2403799\jna6932795047474318881.dll
Event: 51.423 Loaded shared library C:\Users\Mody\.gradle\native\1def1411415f61bf3af743bc5b6707747c0891f09f0c88961ee8f79bc544acac\windows-amd64\native-platform.dll
Event: 67.865 Loaded shared library C:\Users\Mody\.antigravity\extensions\redhat.java-1.51.0-win32-x64\jre\21.0.9-win32-x86_64\bin\management.dll
Event: 67.878 Loaded shared library C:\Users\Mody\.antigravity\extensions\redhat.java-1.51.0-win32-x64\jre\21.0.9-win32-x86_64\bin\management_ext.dll
Event: 94.074 Loaded shared library C:\Users\Mody\.antigravity\extensions\redhat.java-1.51.0-win32-x64\jre\21.0.9-win32-x86_64\bin\extnet.dll
Event: 120.914 Loaded shared library C:\Users\Mody\.antigravity\extensions\redhat.java-1.51.0-win32-x64\jre\21.0.9-win32-x86_64\bin\sunmscapi.dll

Deoptimization events (20 events):
Event: 380.580 Thread 0x0000022c0c5ac630 Uncommon trap: trap_request=0xffffffc6 fr.pc=0x0000022bb845c440 relative=0x00000000000010c0
Event: 380.580 Thread 0x0000022c0c5ac630 Uncommon trap: reason=bimorphic_or_optimized_type_check action=maybe_recompile pc=0x0000022bb845c440 method=java.io.DataOutputStream.write([BII)V @ 7 c2
Event: 380.580 Thread 0x0000022c0c5ac630 DEOPT PACKING pc=0x0000022bb845c440 sp=0x00000058ceeff1a0
Event: 380.580 Thread 0x0000022c0c5ac630 DEOPT UNPACKING pc=0x0000022bb7926da2 sp=0x00000058ceeff0e0 mode 2
Event: 380.580 Thread 0x0000022c0c5ac630 Uncommon trap: trap_request=0xffffffc6 fr.pc=0x0000022bb8376a98 relative=0x0000000000000798
Event: 380.580 Thread 0x0000022c0c5ac630 Uncommon trap: reason=bimorphic_or_optimized_type_check action=maybe_recompile pc=0x0000022bb8376a98 method=java.io.DataOutputStream.writeInt(I)V @ 19 c2
Event: 380.580 Thread 0x0000022c0c5ac630 DEOPT PACKING pc=0x0000022bb8376a98 sp=0x00000058ceeff110
Event: 380.580 Thread 0x0000022c0c5ac630 DEOPT UNPACKING pc=0x0000022bb7926da2 sp=0x00000058ceeff0e8 mode 2
Event: 380.580 Thread 0x0000022c0c5ac630 Uncommon trap: trap_request=0xffffffc6 fr.pc=0x0000022bb8376a98 relative=0x0000000000000798
Event: 380.580 Thread 0x0000022c0c5ac630 Uncommon trap: reason=bimorphic_or_optimized_type_check action=maybe_recompile pc=0x0000022bb8376a98 method=java.io.DataOutputStream.writeInt(I)V @ 19 c2
Event: 380.581 Thread 0x0000022c0c5ac630 DEOPT PACKING pc=0x0000022bb8376a98 sp=0x00000058ceeff0a0
Event: 380.581 Thread 0x0000022c0c5ac630 DEOPT UNPACKING pc=0x0000022bb7926da2 sp=0x00000058ceeff078 mode 2
Event: 380.581 Thread 0x0000022c0c5ac630 Uncommon trap: trap_request=0xffffffc6 fr.pc=0x0000022bb845c440 relative=0x00000000000010c0
Event: 380.581 Thread 0x0000022c0c5ac630 Uncommon trap: reason=bimorphic_or_optimized_type_check action=maybe_recompile pc=0x0000022bb845c440 method=java.io.DataOutputStream.write([BII)V @ 7 c2
Event: 380.581 Thread 0x0000022c0c5ac630 DEOPT PACKING pc=0x0000022bb845c440 sp=0x00000058ceeff0f0
Event: 380.581 Thread 0x0000022c0c5ac630 DEOPT UNPACKING pc=0x0000022bb7926da2 sp=0x00000058ceeff030 mode 2
Event: 380.581 Thread 0x0000022c0c5ac630 Uncommon trap: trap_request=0xffffffc6 fr.pc=0x0000022bb845c440 relative=0x00000000000010c0
Event: 380.581 Thread 0x0000022c0c5ac630 Uncommon trap: reason=bimorphic_or_optimized_type_check action=maybe_recompile pc=0x0000022bb845c440 method=java.io.DataOutputStream.write([BII)V @ 7 c2
Event: 380.581 Thread 0x0000022c0c5ac630 DEOPT PACKING pc=0x0000022bb845c440 sp=0x00000058ceeff030
Event: 380.581 Thread 0x0000022c0c5ac630 DEOPT UNPACKING pc=0x0000022bb7926da2 sp=0x00000058ceefef70 mode 2

Classes loaded (20 events):
Event: 268.909 Loading class java/util/stream/ReduceOps$CountingSink$OfRef
Event: 268.909 Loading class java/util/stream/ReduceOps$CountingSink
Event: 268.910 Loading class java/util/stream/ReduceOps$CountingSink done
Event: 268.910 Loading class java/util/stream/ReduceOps$CountingSink$OfRef done
Event: 269.081 Loading class java/util/stream/ReduceOps$1
Event: 269.081 Loading class java/util/stream/ReduceOps$1 done
Event: 269.082 Loading class java/util/stream/ReduceOps$1ReducingSink
Event: 269.084 Loading class java/util/stream/ReduceOps$1ReducingSink done
Event: 269.284 Loading class java/io/SequenceInputStream
Event: 269.285 Loading class java/io/SequenceInputStream done
Event: 380.500 Loading class java/util/stream/Nodes$CollectorTask$OfRef
Event: 380.501 Loading class java/util/stream/Nodes$CollectorTask
Event: 380.502 Loading class java/util/stream/Nodes$CollectorTask done
Event: 380.503 Loading class java/util/stream/Nodes$CollectorTask$OfRef done
Event: 380.503 Loading class java/util/function/LongFunction
Event: 380.503 Loading class java/util/function/LongFunction done
Event: 380.504 Loading class java/util/stream/Nodes$ConcNode
Event: 380.505 Loading class java/util/stream/Nodes$AbstractConcNode
Event: 380.505 Loading class java/util/stream/Nodes$AbstractConcNode done
Event: 380.505 Loading class java/util/stream/Nodes$ConcNode done

Classes unloaded (7 events):
Event: 26.205 Thread 0x0000022bc42228c0 Unloading class 0x0000022bc61a8c00 'java/lang/invoke/LambdaForm$MH+0x0000022bc61a8c00'
Event: 26.205 Thread 0x0000022bc42228c0 Unloading class 0x0000022bc61a8800 'java/lang/invoke/LambdaForm$MH+0x0000022bc61a8800'
Event: 26.205 Thread 0x0000022bc42228c0 Unloading class 0x0000022bc61a8400 'java/lang/invoke/LambdaForm$MH+0x0000022bc61a8400'
Event: 26.205 Thread 0x0000022bc42228c0 Unloading class 0x0000022bc61a8000 'java/lang/invoke/LambdaForm$MH+0x0000022bc61a8000'
Event: 26.205 Thread 0x0000022bc42228c0 Unloading class 0x0000022bc61a7c00 'java/lang/invoke/LambdaForm$BMH+0x0000022bc61a7c00'
Event: 26.205 Thread 0x0000022bc42228c0 Unloading class 0x0000022bc61a7800 'java/lang/invoke/LambdaForm$DMH+0x0000022bc61a7800'
Event: 26.205 Thread 0x0000022bc42228c0 Unloading class 0x0000022bc61a6400 'java/lang/invoke/LambdaForm$DMH+0x0000022bc61a6400'

Classes redefined (0 events):
No events

Internal exceptions (20 events):
Event: 268.081 Thread 0x0000022c0c5af420 Exception <a 'java/io/FileNotFoundException'{0x00000000d67ccf88}> (0x00000000d67ccf88) 
thrown [s\src\hotspot\share\prims\jni.cpp, line 520]
Event: 268.153 Thread 0x0000022c0c5af420 Exception <a 'sun/nio/fs/WindowsException'{0x00000000d687d8c0}> (0x00000000d687d8c0) 
thrown [s\src\hotspot\share\prims\jni.cpp, line 520]
Event: 268.153 Thread 0x0000022c0c5af420 Exception <a 'sun/nio/fs/WindowsException'{0x00000000d687def0}> (0x00000000d687def0) 
thrown [s\src\hotspot\share\prims\jni.cpp, line 520]
Event: 268.417 Thread 0x0000022c10c1d370 Exception <a 'java/lang/NoSuchMethodError'{0x00000000d565e268}: 'java.lang.Object java.lang.invoke.DirectMethodHandle$Holder.invokeStaticInit(java.lang.Object, java.lang.Object, java.lang.Object)'> (0x00000000d565e268) 
thrown [s\src\hotspot\share\interpreter\linkResolver.cpp, line 773]
Event: 268.489 Thread 0x0000022c10c1c650 Implicit null exception at 0x0000022bb7f2e10d to 0x0000022bb7f2e460
Event: 268.547 Thread 0x0000022c10c1c650 Exception <a 'sun/nio/fs/WindowsException'{0x00000000d572d080}> (0x00000000d572d080) 
thrown [s\src\hotspot\share\prims\jni.cpp, line 520]
Event: 268.547 Thread 0x0000022c10c1c650 Exception <a 'sun/nio/fs/WindowsException'{0x00000000d572d960}> (0x00000000d572d960) 
thrown [s\src\hotspot\share\prims\jni.cpp, line 520]
Event: 268.548 Thread 0x0000022c10c1c650 Exception <a 'sun/nio/fs/WindowsException'{0x00000000d572e6a8}> (0x00000000d572e6a8) 
thrown [s\src\hotspot\share\prims\jni.cpp, line 520]
Event: 268.548 Thread 0x0000022c10c1c650 Exception <a 'sun/nio/fs/WindowsException'{0x00000000d572ef88}> (0x00000000d572ef88) 
thrown [s\src\hotspot\share\prims\jni.cpp, line 520]
Event: 268.554 Thread 0x0000022c10c1c650 Exception <a 'sun/nio/fs/WindowsException'{0x00000000d574bc28}> (0x00000000d574bc28) 
thrown [s\src\hotspot\share\prims\jni.cpp, line 520]
Event: 268.560 Thread 0x0000022c10c1c650 Exception <a 'sun/nio/fs/WindowsException'{0x00000000d574c508}> (0x00000000d574c508) 
thrown [s\src\hotspot\share\prims\jni.cpp, line 520]
Event: 268.941 Thread 0x0000022c0c5af420 Exception <a 'sun/nio/fs/WindowsException'{0x00000000d58b1680}> (0x00000000d58b1680) 
thrown [s\src\hotspot\share\prims\jni.cpp, line 520]
Event: 268.941 Thread 0x0000022c0c5af420 Exception <a 'sun/nio/fs/WindowsException'{0x00000000d58b1cb0}> (0x00000000d58b1cb0) 
thrown [s\src\hotspot\share\prims\jni.cpp, line 520]
Event: 269.504 Thread 0x0000022c0c5af420 Exception <a 'java/io/FileNotFoundException'{0x00000000d5b82bb0}> (0x00000000d5b82bb0) 
thrown [s\src\hotspot\share\prims\jni.cpp, line 520]
Event: 269.505 Thread 0x0000022c0c5af420 Exception <a 'java/io/FileNotFoundException'{0x00000000d5b83928}> (0x00000000d5b83928) 
thrown [s\src\hotspot\share\prims\jni.cpp, line 520]
Event: 269.573 Thread 0x0000022c0c5af420 Exception <a 'java/lang/NoSuchMethodError'{0x00000000d5ba9148}: 'java.lang.Object java.lang.invoke.DirectMethodHandle$Holder.invokeStatic(java.lang.Object, java.lang.Object, int, java.lang.Object)'> (0x00000000d5ba9148) 
thrown [s\src\hotspot\share\interpreter\linkResolver.cpp, line 773]
Event: 380.530 Thread 0x0000022c0c5ac630 Exception <a 'sun/nio/fs/WindowsException'{0x00000000d5d50780}> (0x00000000d5d50780) 
thrown [s\src\hotspot\share\prims\jni.cpp, line 520]
Event: 380.530 Thread 0x0000022c0c5ac630 Exception <a 'sun/nio/fs/WindowsException'{0x00000000d5d51060}> (0x00000000d5d51060) 
thrown [s\src\hotspot\share\prims\jni.cpp, line 520]
Event: 380.532 Thread 0x0000022c0c5ac630 Implicit null exception at 0x0000022bb8282d06 to 0x0000022bb8282eec
Event: 380.629 Thread 0x0000022c0c5ac630 Exception <a 'java/lang/NoSuchMethodError'{0x00000000d5eaf920}: 'java.lang.Object java.lang.invoke.DirectMethodHandle$Holder.newInvokeSpecial(java.lang.Object, java.lang.Object, java.lang.Object, java.lang.Object, java.lang.Object, java.lang.Object, java.lang.Object, java.lang.Object)'> (0x00000000d5eaf920) 
thrown [s\src\hotspot\share\interpreter\linkResolver.cpp, line 773]

ZGC Phase Switch (0 events):
No events

VM Operations (20 events):
Event: 1563.170 Executing VM operation: HandshakeAllThreads (HandshakeForDeflation)
Event: 1563.170 Executing VM operation: HandshakeAllThreads (HandshakeForDeflation) done
Event: 1563.174 Executing VM operation: RendezvousGCThreads
Event: 1563.174 Executing VM operation: RendezvousGCThreads done
Event: 1623.425 Executing VM operation: HandshakeAllThreads (HandshakeForDeflation)
Event: 1623.425 Executing VM operation: HandshakeAllThreads (HandshakeForDeflation) done
Event: 1623.425 Executing VM operation: RendezvousGCThreads
Event: 1623.425 Executing VM operation: RendezvousGCThreads done
Event: 1683.498 Executing VM operation: HandshakeAllThreads (HandshakeForDeflation)
Event: 1683.498 Executing VM operation: HandshakeAllThreads (HandshakeForDeflation) done
Event: 1683.498 Executing VM operation: RendezvousGCThreads
Event: 1683.498 Executing VM operation: RendezvousGCThreads done
Event: 1863.833 Executing VM operation: HandshakeAllThreads (HandshakeForDeflation)
Event: 1863.833 Executing VM operation: HandshakeAllThreads (HandshakeForDeflation) done
Event: 1863.834 Executing VM operation: RendezvousGCThreads
Event: 1863.834 Executing VM operation: RendezvousGCThreads done
Event: 1923.896 Executing VM operation: HandshakeAllThreads (HandshakeForDeflation)
Event: 1923.896 Executing VM operation: HandshakeAllThreads (HandshakeForDeflation) done
Event: 1923.896 Executing VM operation: RendezvousGCThreads
Event: 1923.896 Executing VM operation: RendezvousGCThreads done

Memory protections (0 events):
No events

Nmethod flushes (20 events):
Event: 84.410 Thread 0x0000022bc42228c0 flushing  nmethod 0x0000022bb0c2fe10
Event: 84.410 Thread 0x0000022bc42228c0 flushing  nmethod 0x0000022bb0c32110
Event: 84.410 Thread 0x0000022bc42228c0 flushing  nmethod 0x0000022bb0c43d90
Event: 84.410 Thread 0x0000022bc42228c0 flushing  nmethod 0x0000022bb0c44210
Event: 84.410 Thread 0x0000022bc42228c0 flushing  nmethod 0x0000022bb0c45e90
Event: 84.410 Thread 0x0000022bc42228c0 flushing  nmethod 0x0000022bb0c46290
Event: 84.410 Thread 0x0000022bc42228c0 flushing  nmethod 0x0000022bb0c47010
Event: 84.410 Thread 0x0000022bc42228c0 flushing  nmethod 0x0000022bb0c53010
Event: 84.410 Thread 0x0000022bc42228c0 flushing  nmethod 0x0000022bb0c57a90
Event: 84.410 Thread 0x0000022bc42228c0 flushing  nmethod 0x0000022bb0c72310
Event: 84.410 Thread 0x0000022bc42228c0 flushing  nmethod 0x0000022bb0c78610
Event: 84.410 Thread 0x0000022bc42228c0 flushing  nmethod 0x0000022bb0cae990
Event: 84.410 Thread 0x0000022bc42228c0 flushing  nmethod 0x0000022bb0cb2190
Event: 84.410 Thread 0x0000022bc42228c0 flushing  nmethod 0x0000022bb0cfd010
Event: 84.410 Thread 0x0000022bc42228c0 flushing  nmethod 0x0000022bb0cfd390
Event: 84.410 Thread 0x0000022bc42228c0 flushing  nmethod 0x0000022bb0cfd710
Event: 84.410 Thread 0x0000022bc42228c0 flushing  nmethod 0x0000022bb0d05110
Event: 84.410 Thread 0x0000022bc42228c0 flushing  nmethod 0x0000022bb0d45290
Event: 84.410 Thread 0x0000022bc42228c0 flushing  nmethod 0x0000022bb0d46b90
Event: 84.410 Thread 0x0000022bc42228c0 flushing  nmethod 0x0000022bb0d47190

Events (20 events):
Event: 269.081 Thread 0x0000022c0d45eb40 Thread exited: 0x0000022c0d45eb40
Event: 319.879 Thread 0x0000022c0c5ac630 Thread added: 0x0000022c10c1b2a0
Event: 319.930 Thread 0x0000022bc424b910 Thread added: 0x0000022c0d45eb40
Event: 319.931 Thread 0x0000022bc424b910 Thread added: 0x0000022c0d460680
Event: 324.999 Thread 0x0000022c0d460680 Thread exited: 0x0000022c0d460680
Event: 325.015 Thread 0x0000022c0d45eb40 Thread exited: 0x0000022c0d45eb40
Event: 328.878 Thread 0x0000022c0e95d130 Thread exited: 0x0000022c0e95d130
Event: 379.885 Thread 0x0000022c0e95c410 Thread exited: 0x0000022c0e95c410
Event: 379.885 Thread 0x0000022c10c1b2a0 Thread exited: 0x0000022c10c1b2a0
Event: 379.885 Thread 0x0000022c0c5af420 Thread exited: 0x0000022c0c5af420
Event: 380.496 Thread 0x0000022c0c5ac630 Thread added: 0x0000022c10c1da00
Event: 380.507 Thread 0x0000022c10c1da00 Thread exited: 0x0000022c10c1da00
Event: 380.535 Thread 0x0000022c0c5ac630 Thread added: 0x0000022c10c1cce0
Event: 380.537 Thread 0x0000022c10c1cce0 Thread exited: 0x0000022c10c1cce0
Event: 380.582 Thread 0x0000022bc427e7b0 Thread added: 0x0000022c0d45f8e0
Event: 380.583 Thread 0x0000022bc427e7b0 Thread added: 0x0000022c0d45d000
Event: 386.077 Thread 0x0000022c0d45d000 Thread exited: 0x0000022c0d45d000
Event: 388.893 Thread 0x0000022c10c1d370 Thread exited: 0x0000022c10c1d370
Event: 390.838 Thread 0x0000022c0d45f8e0 Thread exited: 0x0000022c0d45f8e0
Event: 448.893 Thread 0x0000022c10c1c650 Thread exited: 0x0000022c10c1c650


Dynamic libraries:
0x00007ff77fdd0000 - 0x00007ff77fdde000 	c:\Users\Mody\.antigravity\extensions\redhat.java-1.51.0-win32-x64\jre\21.0.9-win32-x86_64\bin\java.exe
0x00007ff9cc740000 - 0x00007ff9cc9a7000 	C:\WINDOWS\SYSTEM32\ntdll.dll
0x00007ff9cb4a0000 - 0x00007ff9cb569000 	C:\WINDOWS\System32\KERNEL32.DLL
0x00007ff9ca0e0000 - 0x00007ff9ca4cf000 	C:\WINDOWS\System32\KERNELBASE.dll
0x00007ff9c9890000 - 0x00007ff9c99db000 	C:\WINDOWS\System32\ucrtbase.dll
0x00007ff99d480000 - 0x00007ff99d498000 	c:\Users\Mody\.antigravity\extensions\redhat.java-1.51.0-win32-x64\jre\21.0.9-win32-x86_64\bin\jli.dll
0x00007ff996d90000 - 0x00007ff996dae000 	c:\Users\Mody\.antigravity\extensions\redhat.java-1.51.0-win32-x64\jre\21.0.9-win32-x86_64\bin\VCRUNTIME140.dll
0x00007ff9cbd50000 - 0x00007ff9cbf15000 	C:\WINDOWS\System32\USER32.dll
0x00007ff9c9a90000 - 0x00007ff9c9ab7000 	C:\WINDOWS\System32\win32u.dll
0x00007ff9cb100000 - 0x00007ff9cb12b000 	C:\WINDOWS\System32\GDI32.dll
0x00007ff9aa150000 - 0x00007ff9aa3e3000 	C:\WINDOWS\WinSxS\amd64_microsoft.windows.common-controls_6595b64144ccf1df_6.0.26100.7309_none_3e05feeae336a044\COMCTL32.dll
0x00007ff9c9ce0000 - 0x00007ff9c9e0c000 	C:\WINDOWS\System32\gdi32full.dll
0x00007ff9ca7d0000 - 0x00007ff9ca879000 	C:\WINDOWS\System32\msvcrt.dll
0x00007ff9c99e0000 - 0x00007ff9c9a83000 	C:\WINDOWS\System32\msvcp_win.dll
0x00007ff9cae40000 - 0x00007ff9cae71000 	C:\WINDOWS\System32\IMM32.DLL
0x00007ff9c5dd0000 - 0x00007ff9c5ddc000 	c:\Users\Mody\.antigravity\extensions\redhat.java-1.51.0-win32-x64\jre\21.0.9-win32-x86_64\bin\vcruntime140_1.dll
0x00007ff98fff0000 - 0x00007ff99007d000 	c:\Users\Mody\.antigravity\extensions\redhat.java-1.51.0-win32-x64\jre\21.0.9-win32-x86_64\bin\msvcp140.dll
0x00007ff9331c0000 - 0x00007ff933f60000 	c:\Users\Mody\.antigravity\extensions\redhat.java-1.51.0-win32-x64\jre\21.0.9-win32-x86_64\bin\server\jvm.dll
0x00007ff9cad30000 - 0x00007ff9cade4000 	C:\WINDOWS\System32\ADVAPI32.dll
0x00007ff9cafd0000 - 0x00007ff9cb076000 	C:\WINDOWS\System32\sechost.dll
0x00007ff9ca5a0000 - 0x00007ff9ca6b8000 	C:\WINDOWS\System32\RPCRT4.dll
0x00007ff9caef0000 - 0x00007ff9caf64000 	C:\WINDOWS\System32\WS2_32.dll
0x00007ff9b35c0000 - 0x00007ff9b35cb000 	C:\WINDOWS\SYSTEM32\VERSION.dll
0x00007ff99f9d0000 - 0x00007ff99fa05000 	C:\WINDOWS\SYSTEM32\WINMM.dll
0x00007ff9c96f0000 - 0x00007ff9c974e000 	C:\WINDOWS\SYSTEM32\POWRPROF.dll
0x00007ff9c96d0000 - 0x00007ff9c96e4000 	C:\WINDOWS\SYSTEM32\UMPDC.dll
0x00007ff9c8600000 - 0x00007ff9c861b000 	C:\WINDOWS\SYSTEM32\kernel.appcore.dll
0x00007ff9afb40000 - 0x00007ff9afb4a000 	c:\Users\Mody\.antigravity\extensions\redhat.java-1.51.0-win32-x64\jre\21.0.9-win32-x86_64\bin\jimage.dll
0x00007ff9c6a60000 - 0x00007ff9c6ca2000 	C:\WINDOWS\SYSTEM32\DBGHELP.DLL
0x00007ff9cc370000 - 0x00007ff9cc6f5000 	C:\WINDOWS\System32\combase.dll
0x00007ff9cb150000 - 0x00007ff9cb226000 	C:\WINDOWS\System32\OLEAUT32.dll
0x00007ff9b0600000 - 0x00007ff9b063c000 	C:\WINDOWS\SYSTEM32\dbgcore.DLL
0x00007ff9c9ac0000 - 0x00007ff9c9b65000 	C:\WINDOWS\System32\bcryptPrimitives.dll
0x00007ff9a81a0000 - 0x00007ff9a81af000 	c:\Users\Mody\.antigravity\extensions\redhat.java-1.51.0-win32-x64\jre\21.0.9-win32-x86_64\bin\instrument.dll
0x00007ff990940000 - 0x00007ff990960000 	c:\Users\Mody\.antigravity\extensions\redhat.java-1.51.0-win32-x64\jre\21.0.9-win32-x86_64\bin\java.dll
0x00007ff9cb570000 - 0x00007ff9cbcc3000 	C:\WINDOWS\System32\SHELL32.dll
0x00007ff9c9b70000 - 0x00007ff9c9cda000 	C:\WINDOWS\System32\wintypes.dll
0x00007ff9c7450000 - 0x00007ff9c7cae000 	C:\WINDOWS\SYSTEM32\windows.storage.dll
0x00007ff9ca6d0000 - 0x00007ff9ca7c5000 	C:\WINDOWS\System32\SHCORE.dll
0x00007ff9cae80000 - 0x00007ff9caee6000 	C:\WINDOWS\System32\shlwapi.dll
0x00007ff9c97b0000 - 0x00007ff9c97d9000 	C:\WINDOWS\SYSTEM32\profapi.dll
0x00007ff98fba0000 - 0x00007ff98fbb8000 	c:\Users\Mody\.antigravity\extensions\redhat.java-1.51.0-win32-x64\jre\21.0.9-win32-x86_64\bin\zip.dll
0x00007ff9aaf00000 - 0x00007ff9aaf10000 	C:\Users\Mody\.antigravity\extensions\redhat.java-1.51.0-win32-x64\jre\21.0.9-win32-x86_64\bin\net.dll
0x00007ff9c2790000 - 0x00007ff9c28b8000 	C:\WINDOWS\SYSTEM32\WINHTTP.dll
0x00007ff9c8b50000 - 0x00007ff9c8bbb000 	C:\WINDOWS\system32\mswsock.dll
0x00007ff98fa60000 - 0x00007ff98fa76000 	C:\Users\Mody\.antigravity\extensions\redhat.java-1.51.0-win32-x64\jre\21.0.9-win32-x86_64\bin\nio.dll
0x00007ff9a1350000 - 0x00007ff9a1360000 	c:\Users\Mody\.antigravity\extensions\redhat.java-1.51.0-win32-x64\jre\21.0.9-win32-x86_64\bin\verify.dll
0x00007ff98bf70000 - 0x00007ff98bfb4000 	C:\Users\Mody\AppData\Roaming\Antigravity\User\globalStorage\redhat.java\1.51.0\config_win\org.eclipse.equinox.launcher\org.eclipse.equinox.launcher.win32.win32.x86_64_1.2.1400.v20250801-0854\eclipse_11916.dll
0x00007ff9cc1c0000 - 0x00007ff9cc357000 	C:\WINDOWS\System32\ole32.dll
0x00007ff9c8f40000 - 0x00007ff9c8f5b000 	C:\WINDOWS\SYSTEM32\CRYPTSP.dll
0x00007ff9c8560000 - 0x00007ff9c859a000 	C:\WINDOWS\system32\rsaenh.dll
0x00007ff9c8c00000 - 0x00007ff9c8c2b000 	C:\WINDOWS\SYSTEM32\USERENV.dll
0x00007ff9c9780000 - 0x00007ff9c97aa000 	C:\WINDOWS\SYSTEM32\bcrypt.dll
0x00007ff9c8f20000 - 0x00007ff9c8f2c000 	C:\WINDOWS\SYSTEM32\CRYPTBASE.dll
0x00007ff9c7ff0000 - 0x00007ff9c8024000 	C:\WINDOWS\SYSTEM32\IPHLPAPI.DLL
0x00007ff9cc360000 - 0x00007ff9cc36a000 	C:\WINDOWS\System32\NSI.dll
0x00007ff98b3e0000 - 0x00007ff98b429000 	C:\Users\Mody\AppData\Local\Temp\jna-2403799\jna6932795047474318881.dll
0x00007ff9cad20000 - 0x00007ff9cad28000 	C:\WINDOWS\System32\PSAPI.DLL
0x00007ff9c28f0000 - 0x00007ff9c290e000 	C:\WINDOWS\SYSTEM32\dhcpcsvc6.DLL
0x00007ff9c28c0000 - 0x00007ff9c28e3000 	C:\WINDOWS\SYSTEM32\dhcpcsvc.DLL
0x00007ff9c1e00000 - 0x00007ff9c1e27000 	C:\Users\Mody\.gradle\native\1def1411415f61bf3af743bc5b6707747c0891f09f0c88961ee8f79bc544acac\windows-amd64\native-platform.dll
0x00007ff9a2550000 - 0x00007ff9a255a000 	C:\Users\Mody\.antigravity\extensions\redhat.java-1.51.0-win32-x64\jre\21.0.9-win32-x86_64\bin\management.dll
0x00007ff9a2140000 - 0x00007ff9a214c000 	C:\Users\Mody\.antigravity\extensions\redhat.java-1.51.0-win32-x64\jre\21.0.9-win32-x86_64\bin\management_ext.dll
0x00007ff99fbb0000 - 0x00007ff99fbb9000 	C:\Users\Mody\.antigravity\extensions\redhat.java-1.51.0-win32-x64\jre\21.0.9-win32-x86_64\bin\extnet.dll
0x00007ff9a12c0000 - 0x00007ff9a12ce000 	C:\Users\Mody\.antigravity\extensions\redhat.java-1.51.0-win32-x64\jre\21.0.9-win32-x86_64\bin\sunmscapi.dll
0x00007ff9c9ed0000 - 0x00007ff9ca047000 	C:\WINDOWS\System32\CRYPT32.dll
0x00007ff9c9090000 - 0x00007ff9c90c0000 	C:\WINDOWS\SYSTEM32\ncrypt.dll
0x00007ff9c9040000 - 0x00007ff9c907f000 	C:\WINDOWS\SYSTEM32\NTASN1.dll
0x00007ff9b7b60000 - 0x00007ff9b7b68000 	C:\WINDOWS\system32\wshunix.dll

JVMTI agents:
c:\Users\Mody\.antigravity\extensions\redhat.java-1.51.0-win32-x64\lombok\lombok-1.18.39-4050.jar path:c:\Users\Mody\.antigravity\extensions\redhat.java-1.51.0-win32-x64\jre\21.0.9-win32-x86_64\bin\instrument.dll, loaded, initialized, instrumentlib options:none

dbghelp: loaded successfully - version: 4.0.5 - missing functions: none
symbol engine: initialized successfully - sym options: 0x614 - pdb path: .;c:\Users\Mody\.antigravity\extensions\redhat.java-1.51.0-win32-x64\jre\21.0.9-win32-x86_64\bin;C:\WINDOWS\SYSTEM32;C:\WINDOWS\WinSxS\amd64_microsoft.windows.common-controls_6595b64144ccf1df_6.0.26100.7309_none_3e05feeae336a044;c:\Users\Mody\.antigravity\extensions\redhat.java-1.51.0-win32-x64\jre\21.0.9-win32-x86_64\bin\server;C:\Users\Mody\AppData\Roaming\Antigravity\User\globalStorage\redhat.java\1.51.0\config_win\org.eclipse.equinox.launcher\org.eclipse.equinox.launcher.win32.win32.x86_64_1.2.1400.v20250801-0854;C:\Users\Mody\AppData\Local\Temp\jna-2403799;C:\Users\Mody\.gradle\native\1def1411415f61bf3af743bc5b6707747c0891f09f0c88961ee8f79bc544acac\windows-amd64

VM Arguments:
jvm_args: --add-modules=ALL-SYSTEM --add-opens=java.base/java.util=ALL-UNNAMED --add-opens=java.base/java.lang=ALL-UNNAMED --add-opens=java.base/sun.nio.fs=ALL-UNNAMED -Declipse.application=org.eclipse.jdt.ls.core.id1 -Dosgi.bundles.defaultStartLevel=4 -Declipse.product=org.eclipse.jdt.ls.core.product -Djava.import.generatesMetadataFilesAtProjectRoot=false -DDetectVMInstallationsJob.disabled=true -Dfile.encoding=utf8 -XX:+UseParallelGC -XX:GCTimeRatio=4 -XX:AdaptiveSizePolicyWeight=90 -Dsun.zip.disableMemoryMapping=true -Xmx2G -Xms100m -Xlog:disable -javaagent:c:\Users\Mody\.antigravity\extensions\redhat.java-1.51.0-win32-x64\lombok\lombok-1.18.39-4050.jar -XX:+HeapDumpOnOutOfMemoryError -XX:HeapDumpPath=c:\Users\Mody\AppData\Roaming\Antigravity\User\workspaceStorage\8bda53c37905e3ee25f474806bc120bf\redhat.java -Daether.dependencyCollector.impl=bf 
java_command: c:\Users\Mody\.antigravity\extensions\redhat.java-1.51.0-win32-x64\server\plugins\org.eclipse.equinox.launcher_1.7.100.v20251111-0406.jar -configuration c:\Users\Mody\AppData\Roaming\Antigravity\User\globalStorage\redhat.java\1.51.0\config_win -data c:\Users\Mody\AppData\Roaming\Antigravity\User\workspaceStorage\8bda53c37905e3ee25f474806bc120bf\redhat.java\jdt_ws --pipe=\\.\pipe\lsp-8d3d9e3ae16fd133f55ddb8b8a444503-sock
java_class_path (initial): c:\Users\Mody\.antigravity\extensions\redhat.java-1.51.0-win32-x64\server\plugins\org.eclipse.equinox.launcher_1.7.100.v20251111-0406.jar
Launcher Type: SUN_STANDARD

[Global flags]
    uintx AdaptiveSizePolicyWeight                 = 90                                        {product} {command line}
     intx CICompilerCount                          = 4                                         {product} {ergonomic}
    uintx GCTimeRatio                              = 4                                         {product} {command line}
     bool HeapDumpOnOutOfMemoryError               = true                                   {manageable} {command line}
    ccstr HeapDumpPath                             = c:\Users\Mody\AppData\Roaming\Antigravity\User\workspaceStorage\8bda53c37905e3ee25f474806bc120bf\redhat.java         {manageable} {command line}
   size_t InitialHeapSize                          = 104857600                                 {product} {command line}
   size_t MaxHeapSize                              = 2147483648                                {product} {command line}
   size_t MaxNewSize                               = 715653120                                 {product} {ergonomic}
   size_t MinHeapDeltaBytes                        = 524288                                    {product} {ergonomic}
   size_t MinHeapSize                              = 104857600                                 {product} {command line}
   size_t NewSize                                  = 34603008                                  {product} {ergonomic}
    uintx NonNMethodCodeHeapSize                   = 5839372                                {pd product} {ergonomic}
    uintx NonProfiledCodeHeapSize                  = 122909434                              {pd product} {ergonomic}
   size_t OldSize                                  = 70254592                                  {product} {ergonomic}
    uintx ProfiledCodeHeapSize                     = 122909434                              {pd product} {ergonomic}
    uintx ReservedCodeCacheSize                    = 251658240                              {pd product} {ergonomic}
     bool SegmentedCodeCache                       = true                                      {product} {ergonomic}
   size_t SoftMaxHeapSize                          = 2147483648                             {manageable} {ergonomic}
     bool UseCompressedOops                        = true                           {product lp64_product} {ergonomic}
     bool UseLargePagesIndividualAllocation        = false                                  {pd product} {ergonomic}
     bool UseParallelGC                            = true                                      {product} {command line}

Logging:
Log output configuration:
 #0: stdout all=off uptime,level,tags foldmultilines=false
 #1: stderr all=off uptime,level,tags foldmultilines=false

Release file:
JAVA_VERSION="21.0.9" 
MODULES="java.base java.compiler java.datatransfer java.xml java.prefs java.desktop java.instrument java.logging java.management java.security.sasl java.naming java.rmi java.management.rmi java.net.http java.scripting java.security.jgss java.transaction.xa java.sql java.sql.rowset java.xml.crypto java.se java.smartcardio jdk.accessibility jdk.internal.jvmstat jdk.attach jdk.charsets jdk.internal.opt jdk.zipfs jdk.compiler jdk.crypto.ec jdk.crypto.cryptoki jdk.crypto.mscapi jdk.dynalink jdk.internal.ed jdk.editpad jdk.hotspot.agent jdk.httpserver jdk.internal.le jdk.internal.vm.ci jdk.internal.vm.compiler jdk.internal.vm.compiler.management jdk.jartool jdk.javadoc jdk.jcmd jdk.management jdk.management.agent jdk.jconsole jdk.jdeps jdk.jdwp.agent jdk.jdi jdk.jfr jdk.jshell jdk.jsobject jdk.jstatd jdk.localedata jdk.management.jfr jdk.naming.dns jdk.naming.rmi jdk.net jdk.nio.mapmode jdk.random jdk.sctp jdk.security.auth jdk.security.jgss jdk.unsupported jdk.unsupported.desktop jdk.xml.dom" 

Environment Variables:
PATH=C:\Program Files\Common Files\Oracle\Java\javapath;C:\Python314\Scripts\;C:\Python314\;C:\Program Files (x86)\Common Files\Oracle\Java\java8path;C:\Program Files (x86)\Common Files\Oracle\Java\javapath;C:\WINDOWS\system32;C:\WINDOWS;C:\WINDOWS\System32\Wbem;C:\WINDOWS\System32\WindowsPowerShell\v1.0\;C:\WINDOWS\System32\OpenSSH\;C:\Program Files\dotnet\;C:\Program Files\Git\cmd;C:\Program Files\nodejs\;C:\ProgramData\chocolatey\bin;C:\Program Files\Go\bin;C:\Program Files\Docker\Docker\resources\bin;C:\Users\Mody\AppData\Local\Microsoft\WindowsApps;;C:\Users\Mody\AppData\Roaming\Programs\Zero Install;C:\Users\Mody\AppData\Local\Microsoft\WindowsApps;C:\Users\Mody\AppData\Roaming\npm;C:\Users\Mody\AppData\Local\Programs\Antigravity\bin;C:\Users\Mody\go\bin
USERNAME=Mody
OS=Windows_NT
PROCESSOR_IDENTIFIER=Intel64 Family 6 Model 140 Stepping 1, GenuineIntel
TMP=C:\Users\Mody\AppData\Local\Temp
TEMP=C:\Users\Mody\AppData\Local\Temp




Periodic native trim disabled

---------------  S Y S T E M  ---------------

OS:
 Windows 11 , 64 bit Build 26100 (10.0.26100.7309)
OS uptime: 0 days 4:56 hours
Hyper-V role detected

CPU: total 8 (initial active 8) (4 cores per cpu, 2 threads per core) family 6 model 140 stepping 1 microcode 0x86, cx8, cmov, fxsr, ht, mmx, 3dnowpref, sse, sse2, sse3, ssse3, sse4.1, sse4.2, popcnt, lzcnt, tsc, tscinvbit, avx, avx2, aes, erms, clmul, bmi1, bmi2, adx, avx512f, avx512dq, avx512cd, avx512bw, avx512vl, sha, fma, vzeroupper, avx512_vpopcntdq, avx512_vpclmulqdq, avx512_vaes, avx512_vnni, clflush, clflushopt, clwb, avx512_vbmi2, avx512_vbmi, hv, rdtscp, rdpid, fsrm, gfni, avx512_bitalg, f16c, cet_ibt, cet_ss, avx512_ifma
Processor Information for the first 8 processors :
  Max Mhz: 1805, Current Mhz: 1103, Mhz Limit: 1101

Memory: 4k page, system-wide physical 16167M (729M free)
TotalPageFile size 24167M (AvailPageFile size 5M)
current process WorkingSet (physical memory assigned to process): 13M, peak: 309M
current process commit charge ("private bytes"): 398M, peak: 412M

vm_info: OpenJDK 64-Bit Server VM (21.0.9+10-LTS) for windows-amd64 JRE (21.0.9+10-LTS), built on 2025-10-21T00:00:00Z by "admin" with unknown MS VC++:1942

END.
